<!DOCTYPE html PUBLIC "-//W3C//DTD XHTML 1.1//EN" "http://www.w3.org/TR/xhtml11/DTD/xhtml11.dtd">
<html xmlns="http://www.w3.org/1999/xhtml">
<head>
<meta http-equiv="content-type" content="text/html; charset=UTF-8"/>
<title>TestNG Report</title>
<style type="text/css">table {margin-bottom:10px;border-collapse:collapse;empty-cells:show}th,td {border:1px solid #009;padding:.25em .5em}th {vertical-align:bottom}td {vertical-align:top}table a {font-weight:bold}.stripe td {background-color: #E6EBF9}.num {text-align:right}.passedodd td {background-color: #3F3}.passedeven td {background-color: #0A0}.skippedodd td {background-color: #DDD}.skippedeven td {background-color: #CCC}.failedodd td,.attn {background-color: #F33}.failedeven td,.stripe .attn {background-color: #D00}.stacktrace {white-space:pre;font-family:monospace}.totop {font-size:85%;text-align:center;border-bottom:2px solid #000}.invisible {display:none}</style>
</head>
<body>
<table>
<tr><th>Test</th><th># Passed</th><th># Skipped</th><th># Failed</th><th>Time (ms)</th><th>Included Groups</th><th>Excluded Groups</th></tr>
<tr><th colspan="7">Cogmento Suite</th></tr>
<tr><td><a href="#t0">Add Contacts Test</a></td><td class="num">4</td><td class="num">0</td><td class="num">0</td><td class="num">66,879</td><td></td><td></td></tr>
<tr class="stripe"><td><a href="#t1">Add Deals Test</a></td><td class="num">1</td><td class="num attn">2</td><td class="num attn">1</td><td class="num">28,626</td><td></td><td></td></tr>
<tr><th>Total</th><th class="num">5</th><th class="num attn">2</th><th class="num attn">1</th><th class="num">95,505</th><th colspan="2"></th></tr>
</table>
<table id='summary'><thead><tr><th>Class</th><th>Method</th><th>Start</th><th>Time (ms)</th></tr></thead><tbody><tr><th colspan="4">Cogmento Suite</th></tr></tbody><tbody id="t0"><tr><th colspan="4">Add Contacts Test &#8212; passed</th></tr><tr class="passedeven"><td rowspan="4">com.datadriven.testcases.AddContactsTest</td><td><a href="#m0">addContactsTest</a></td><td rowspan="4">1620645844830</td><td rowspan="4">5454</td></tr><tr class="passedeven"><td><a href="#m1">addContactsTest</a></td></tr><tr class="passedeven"><td><a href="#m2">addContactsTest</a></td></tr><tr class="passedeven"><td><a href="#m3">addContactsTest</a></td></tr></tbody>
<tbody id="t1"><tr><th colspan="4">Add Deals Test &#8212; failed (configuration methods)</th></tr><tr class="failedeven"><td rowspan="1">com.datadriven.testcases.AddDealsTest</td><td><a href="#m4">logoutOfApp</a></td><td rowspan="1">1620645895841</td><td rowspan="1">5043</td></tr><tr><th colspan="4">Add Deals Test &#8212; failed</th></tr><tr class="failedeven"><td rowspan="1">com.datadriven.testcases.AddDealsTest</td><td><a href="#m5">addDealsTest</a></td><td rowspan="1">1620645893737</td><td rowspan="1">1932</td></tr><tr><th colspan="4">Add Deals Test &#8212; skipped (configuration methods)</th></tr><tr class="skippedeven"><td rowspan="4">com.datadriven.testcases.AddDealsTest</td><td><a href="#m6">loginToApp</a></td><td rowspan="2">1620645900919</td><td rowspan="2">0</td></tr><tr class="skippedeven"><td><a href="#m7">loginToApp</a></td></tr><tr class="skippedeven"><td><a href="#m8">logoutOfApp</a></td><td rowspan="2">1620645900919</td><td rowspan="2">0</td></tr><tr class="skippedeven"><td><a href="#m9">logoutOfApp</a></td></tr><tr><th colspan="4">Add Deals Test &#8212; skipped</th></tr><tr class="skippedeven"><td rowspan="2">com.datadriven.testcases.AddDealsTest</td><td><a href="#m10">addDealsTest</a></td><td rowspan="2">1620645900886</td><td rowspan="2">0</td></tr><tr class="skippedeven"><td><a href="#m11">addDealsTest</a></td></tr><tr><th colspan="4">Add Deals Test &#8212; passed</th></tr><tr class="passedeven"><td rowspan="1">com.datadriven.testcases.AddDealsTest</td><td><a href="#m12">addDealsTest</a></td><td rowspan="1">1620645877773</td><td rowspan="1">4940</td></tr></tbody>
</table>
<h2>Add Contacts Test</h2><h3 id="m0">com.datadriven.testcases.AddContactsTest#addContactsTest</h3><table class="result"><tr class="param"><th>Parameter #1</th></tr><tr class="param stripe"><td>{company=FIS, lastname=Jones, runmode=Y, firstname=Mike}</td></tr><tr><th>Messages</th></tr><tr><td><div class="messages">Contact added successfully-> Mike Jones<br/>Click to see screenshot<br/><br><br/><a target="blank" href=Mon_May_10_16_54_10_IST_2021.jpg>Screenshot</a></div></td></tr></table><p class="totop"><a href="#summary">back to summary</a></p>
<h3 id="m1">com.datadriven.testcases.AddContactsTest#addContactsTest</h3><table class="result"><tr class="param"><th>Parameter #1</th></tr><tr class="param stripe"><td>{company=Facebook, lastname=Murray, runmode=Y, firstname=Phil}</td></tr><tr><th>Messages</th></tr><tr><td><div class="messages">Contact added successfully-> Phil Murray<br/>Click to see screenshot<br/><br><br/><a target="blank" href=Mon_May_10_16_54_26_IST_2021.jpg>Screenshot</a></div></td></tr></table><p class="totop"><a href="#summary">back to summary</a></p>
<h3 id="m2">com.datadriven.testcases.AddContactsTest#addContactsTest</h3><table class="result"><tr class="param"><th>Parameter #1</th></tr><tr class="param stripe"><td>{company=Microsoft, lastname=Marley, runmode=Y, firstname=Bob}</td></tr><tr><th>Messages</th></tr><tr><td><div class="messages">Contact added successfully-> Bob Marley<br/>Click to see screenshot<br/><br><br/><a target="blank" href=Mon_May_10_16_53_37_IST_2021.jpg>Screenshot</a></div></td></tr></table><p class="totop"><a href="#summary">back to summary</a></p>
<h3 id="m3">com.datadriven.testcases.AddContactsTest#addContactsTest</h3><table class="result"><tr class="param"><th>Parameter #1</th></tr><tr class="param stripe"><td>{company=Google, lastname=Smith, runmode=Y, firstname=John}</td></tr><tr><th>Messages</th></tr><tr><td><div class="messages">Contact added successfully-> John Smith<br/>Click to see screenshot<br/><br><br/><a target="blank" href=Mon_May_10_16_53_53_IST_2021.jpg>Screenshot</a></div></td></tr></table><p class="totop"><a href="#summary">back to summary</a></p>
<h2>Add Deals Test</h2><h3 id="m4">com.datadriven.testcases.AddDealsTest#logoutOfApp</h3><table class="result"><tr><th>Exception</th></tr><tr><td><div class="stacktrace">org.openqa.selenium.ElementClickInterceptedException: Element &lt;i class=&quot;settings icon&quot;&gt; is not clickable at point (972,22) because another element &lt;div class=&quot;ui-alerts top-right &quot;&gt; obscures it
Build info: version: &apos;3.141.59&apos;, revision: &apos;e82be7d358&apos;, time: &apos;2018-11-14T08:17:03&apos;
System info: host: &apos;MANPREET&apos;, ip: &apos;192.168.1.4&apos;, os.name: &apos;Windows 10&apos;, os.arch: &apos;amd64&apos;, os.version: &apos;10.0&apos;, java.version: &apos;1.8.0_65&apos;
Driver info: org.openqa.selenium.firefox.FirefoxDriver
Capabilities {acceptInsecureCerts: true, browserName: firefox, browserVersion: 88.0.1, javascriptEnabled: true, moz:accessibilityChecks: false, moz:buildID: 20210504152106, moz:geckodriverVersion: 0.29.0, moz:headless: false, moz:processID: 11672, moz:profile: C:\Windows\Temp\rust_mozpro..., moz:shutdownTimeout: 60000, moz:useNonSpecCompliantPointerOrigin: false, moz:webdriverClick: true, pageLoadStrategy: normal, platform: WINDOWS, platformName: WINDOWS, platformVersion: 10.0, rotatable: false, setWindowRect: true, strictFileInteractability: false, timeouts: {implicit: 0, pageLoad: 300000, script: 30000}, unhandledPromptBehavior: dismiss and notify}
Session ID: 833bcdcd-d4b8-49e9-88e5-a0de86c6694f
	at org.openqa.selenium.remote.http.W3CHttpResponseCodec.createException(W3CHttpResponseCodec.java:187)
	at org.openqa.selenium.remote.http.W3CHttpResponseCodec.decode(W3CHttpResponseCodec.java:122)
	at org.openqa.selenium.remote.http.W3CHttpResponseCodec.decode(W3CHttpResponseCodec.java:49)
	at org.openqa.selenium.remote.HttpCommandExecutor.execute(HttpCommandExecutor.java:158)
	at org.openqa.selenium.remote.service.DriverCommandExecutor.execute(DriverCommandExecutor.java:83)
	at org.openqa.selenium.remote.RemoteWebDriver.execute(RemoteWebDriver.java:552)
	at org.openqa.selenium.remote.RemoteWebElement.execute(RemoteWebElement.java:285)
	at org.openqa.selenium.remote.RemoteWebElement.click(RemoteWebElement.java:84)
	at com.datadriven.base.TestBase.logoutOfApp(TestBase.java:125)
... Removed 35 stack frames</div></td></tr></table><p class="totop"><a href="#summary">back to summary</a></p>
<h3 id="m5">com.datadriven.testcases.AddDealsTest#addDealsTest</h3><table class="result"><tr class="param"><th>Parameter #1</th></tr><tr class="param stripe"><td>{company=Ford, description=Cars, Trucks, runmode=Y, title=Automobile}</td></tr><tr><th>Messages</th></tr><tr><td><div class="messages">Click to see screenshot<br/><br><br/><a target="blank" href=Mon_May_10_16_54_55_IST_2021.jpg>Screenshot</a></div></td></tr><tr><th>Exception</th></tr><tr><td><div class="stacktrace">org.openqa.selenium.ElementClickInterceptedException: Element &lt;span class=&quot;item-text&quot;&gt; is not clickable at point (31,252) because another element &lt;div class=&quot;ui error floating icon message&quot;&gt; obscures it
Build info: version: &apos;3.141.59&apos;, revision: &apos;e82be7d358&apos;, time: &apos;2018-11-14T08:17:03&apos;
System info: host: &apos;MANPREET&apos;, ip: &apos;192.168.1.4&apos;, os.name: &apos;Windows 10&apos;, os.arch: &apos;amd64&apos;, os.version: &apos;10.0&apos;, java.version: &apos;1.8.0_65&apos;
Driver info: org.openqa.selenium.firefox.FirefoxDriver
Capabilities {acceptInsecureCerts: true, browserName: firefox, browserVersion: 88.0.1, javascriptEnabled: true, moz:accessibilityChecks: false, moz:buildID: 20210504152106, moz:geckodriverVersion: 0.29.0, moz:headless: false, moz:processID: 11672, moz:profile: C:\Windows\Temp\rust_mozpro..., moz:shutdownTimeout: 60000, moz:useNonSpecCompliantPointerOrigin: false, moz:webdriverClick: true, pageLoadStrategy: normal, platform: WINDOWS, platformName: WINDOWS, platformVersion: 10.0, rotatable: false, setWindowRect: true, strictFileInteractability: false, timeouts: {implicit: 0, pageLoad: 300000, script: 30000}, unhandledPromptBehavior: dismiss and notify}
Session ID: 833bcdcd-d4b8-49e9-88e5-a0de86c6694f
	at org.openqa.selenium.remote.http.W3CHttpResponseCodec.createException(W3CHttpResponseCodec.java:187)
	at org.openqa.selenium.remote.http.W3CHttpResponseCodec.decode(W3CHttpResponseCodec.java:122)
	at org.openqa.selenium.remote.http.W3CHttpResponseCodec.decode(W3CHttpResponseCodec.java:49)
	at org.openqa.selenium.remote.HttpCommandExecutor.execute(HttpCommandExecutor.java:158)
	at org.openqa.selenium.remote.service.DriverCommandExecutor.execute(DriverCommandExecutor.java:83)
	at org.openqa.selenium.remote.RemoteWebDriver.execute(RemoteWebDriver.java:552)
	at org.openqa.selenium.remote.RemoteWebElement.execute(RemoteWebElement.java:285)
	at org.openqa.selenium.remote.RemoteWebElement.click(RemoteWebElement.java:84)
	at com.datadriven.base.TestBase.click(TestBase.java:148)
	at com.datadriven.testcases.AddDealsTest.addDealsTest(AddDealsTest.java:29)
... Removed 32 stack frames</div></td></tr></table><p class="totop"><a href="#summary">back to summary</a></p>
<h3 id="m6">com.datadriven.testcases.AddDealsTest#loginToApp</h3><table class="result"><tr><th class="invisible"/></tr></table><p class="totop"><a href="#summary">back to summary</a></p>
<h3 id="m7">com.datadriven.testcases.AddDealsTest#loginToApp</h3><table class="result"><tr><th class="invisible"/></tr></table><p class="totop"><a href="#summary">back to summary</a></p>
<h3 id="m8">com.datadriven.testcases.AddDealsTest#logoutOfApp</h3><table class="result"><tr><th class="invisible"/></tr></table><p class="totop"><a href="#summary">back to summary</a></p>
<h3 id="m9">com.datadriven.testcases.AddDealsTest#logoutOfApp</h3><table class="result"><tr><th class="invisible"/></tr></table><p class="totop"><a href="#summary">back to summary</a></p>
<h3 id="m10">com.datadriven.testcases.AddDealsTest#addDealsTest</h3><table class="result"><tr><th>Exception</th></tr><tr><td><div class="stacktrace">org.openqa.selenium.ElementClickInterceptedException: Element &lt;i class=&quot;settings icon&quot;&gt; is not clickable at point (972,22) because another element &lt;div class=&quot;ui-alerts top-right &quot;&gt; obscures it
Build info: version: &apos;3.141.59&apos;, revision: &apos;e82be7d358&apos;, time: &apos;2018-11-14T08:17:03&apos;
System info: host: &apos;MANPREET&apos;, ip: &apos;192.168.1.4&apos;, os.name: &apos;Windows 10&apos;, os.arch: &apos;amd64&apos;, os.version: &apos;10.0&apos;, java.version: &apos;1.8.0_65&apos;
Driver info: org.openqa.selenium.firefox.FirefoxDriver
Capabilities {acceptInsecureCerts: true, browserName: firefox, browserVersion: 88.0.1, javascriptEnabled: true, moz:accessibilityChecks: false, moz:buildID: 20210504152106, moz:geckodriverVersion: 0.29.0, moz:headless: false, moz:processID: 11672, moz:profile: C:\Windows\Temp\rust_mozpro..., moz:shutdownTimeout: 60000, moz:useNonSpecCompliantPointerOrigin: false, moz:webdriverClick: true, pageLoadStrategy: normal, platform: WINDOWS, platformName: WINDOWS, platformVersion: 10.0, rotatable: false, setWindowRect: true, strictFileInteractability: false, timeouts: {implicit: 0, pageLoad: 300000, script: 30000}, unhandledPromptBehavior: dismiss and notify}
Session ID: 833bcdcd-d4b8-49e9-88e5-a0de86c6694f
	at org.openqa.selenium.remote.http.W3CHttpResponseCodec.createException(W3CHttpResponseCodec.java:187)
	at org.openqa.selenium.remote.http.W3CHttpResponseCodec.decode(W3CHttpResponseCodec.java:122)
	at org.openqa.selenium.remote.http.W3CHttpResponseCodec.decode(W3CHttpResponseCodec.java:49)
	at org.openqa.selenium.remote.HttpCommandExecutor.execute(HttpCommandExecutor.java:158)
	at org.openqa.selenium.remote.service.DriverCommandExecutor.execute(DriverCommandExecutor.java:83)
	at org.openqa.selenium.remote.RemoteWebDriver.execute(RemoteWebDriver.java:552)
	at org.openqa.selenium.remote.RemoteWebElement.execute(RemoteWebElement.java:285)
	at org.openqa.selenium.remote.RemoteWebElement.click(RemoteWebElement.java:84)
	at com.datadriven.base.TestBase.logoutOfApp(TestBase.java:125)
... Removed 35 stack frames</div></td></tr></table><p class="totop"><a href="#summary">back to summary</a></p>
<h3 id="m11">com.datadriven.testcases.AddDealsTest#addDealsTest</h3><table class="result"><tr><th>Exception</th></tr><tr><td><div class="stacktrace">org.openqa.selenium.ElementClickInterceptedException: Element &lt;i class=&quot;settings icon&quot;&gt; is not clickable at point (972,22) because another element &lt;div class=&quot;ui-alerts top-right &quot;&gt; obscures it
Build info: version: &apos;3.141.59&apos;, revision: &apos;e82be7d358&apos;, time: &apos;2018-11-14T08:17:03&apos;
System info: host: &apos;MANPREET&apos;, ip: &apos;192.168.1.4&apos;, os.name: &apos;Windows 10&apos;, os.arch: &apos;amd64&apos;, os.version: &apos;10.0&apos;, java.version: &apos;1.8.0_65&apos;
Driver info: org.openqa.selenium.firefox.FirefoxDriver
Capabilities {acceptInsecureCerts: true, browserName: firefox, browserVersion: 88.0.1, javascriptEnabled: true, moz:accessibilityChecks: false, moz:buildID: 20210504152106, moz:geckodriverVersion: 0.29.0, moz:headless: false, moz:processID: 11672, moz:profile: C:\Windows\Temp\rust_mozpro..., moz:shutdownTimeout: 60000, moz:useNonSpecCompliantPointerOrigin: false, moz:webdriverClick: true, pageLoadStrategy: normal, platform: WINDOWS, platformName: WINDOWS, platformVersion: 10.0, rotatable: false, setWindowRect: true, strictFileInteractability: false, timeouts: {implicit: 0, pageLoad: 300000, script: 30000}, unhandledPromptBehavior: dismiss and notify}
Session ID: 833bcdcd-d4b8-49e9-88e5-a0de86c6694f
	at org.openqa.selenium.remote.http.W3CHttpResponseCodec.createException(W3CHttpResponseCodec.java:187)
	at org.openqa.selenium.remote.http.W3CHttpResponseCodec.decode(W3CHttpResponseCodec.java:122)
	at org.openqa.selenium.remote.http.W3CHttpResponseCodec.decode(W3CHttpResponseCodec.java:49)
	at org.openqa.selenium.remote.HttpCommandExecutor.execute(HttpCommandExecutor.java:158)
	at org.openqa.selenium.remote.service.DriverCommandExecutor.execute(DriverCommandExecutor.java:83)
	at org.openqa.selenium.remote.RemoteWebDriver.execute(RemoteWebDriver.java:552)
	at org.openqa.selenium.remote.RemoteWebElement.execute(RemoteWebElement.java:285)
	at org.openqa.selenium.remote.RemoteWebElement.click(RemoteWebElement.java:84)
	at com.datadriven.base.TestBase.logoutOfApp(TestBase.java:125)
... Removed 35 stack frames</div></td></tr></table><p class="totop"><a href="#summary">back to summary</a></p>
<h3 id="m12">com.datadriven.testcases.AddDealsTest#addDealsTest</h3><table class="result"><tr class="param"><th>Parameter #1</th></tr><tr class="param stripe"><td>{company=Nestle, description=Food manufacturing, runmode=Y, title=FMCG}</td></tr><tr><th>Messages</th></tr><tr><td><div class="messages">Deal added successfully-> FMCG Nestle<br/>Click to see screenshot<br/><br><br/><a target="blank" href=Mon_May_10_16_54_42_IST_2021.jpg>Screenshot</a></div></td></tr></table><p class="totop"><a href="#summary">back to summary</a></p>
</body>
</html>
